<?xml version="1.0" encoding="UTF-8"?>
<!-- Generated by org.testng.reporters.JUnitXMLReporter -->
<testsuite ignored="0" hostname="RINMAC2522" failures="10" tests="20" name="Test" time="8.999" errors="0" timestamp="2025-04-05T16:16:46 IST">
  <testcase classname="com.lucidity.assesment.ApplyCartOfferTest" name="testApplyFlatAmountOfferForNegativeCartValue" time="1.927">
    <failure type="java.lang.AssertionError" message="1 expectation failed.
Expected status code &amp;lt;400&amp;gt; but was &amp;lt;200&amp;gt;.
">
      <![CDATA[java.lang.AssertionError: 1 expectation failed.
Expected status code <400> but was <200>.

at org.codehaus.groovy.runtime.callsite.ConstructorSite$ConstructorSiteNoUnwrapNoCoerce.callConstructor(ConstructorSite.java:108)
at org.codehaus.groovy.runtime.callsite.CallSiteArray.defaultCallConstructor(CallSiteArray.java:57)
at org.codehaus.groovy.runtime.callsite.AbstractCallSite.callConstructor(AbstractCallSite.java:263)
at org.codehaus.groovy.runtime.callsite.AbstractCallSite.callConstructor(AbstractCallSite.java:277)
at io.restassured.internal.ResponseSpecificationImpl$HamcrestAssertionClosure.validate(ResponseSpecificationImpl.groovy:512)
at io.restassured.internal.ResponseSpecificationImpl$HamcrestAssertionClosure$validate$1.call(Unknown Source)
at io.restassured.internal.ResponseSpecificationImpl.validateResponseIfRequired(ResponseSpecificationImpl.groovy:696)
at io.restassured.internal.ResponseSpecificationImpl.this$2$validateResponseIfRequired(ResponseSpecificationImpl.groovy)
at org.codehaus.groovy.runtime.callsite.PlainObjectMetaMethodSite.doInvoke(PlainObjectMetaMethodSite.java:43)
at org.codehaus.groovy.runtime.callsite.PogoMetaMethodSite$PogoCachedMethodSiteNoUnwrapNoCoerce.invoke(PogoMetaMethodSite.java:198)
at org.codehaus.groovy.runtime.callsite.PogoMetaMethodSite.callCurrent(PogoMetaMethodSite.java:62)
at org.codehaus.groovy.runtime.callsite.AbstractCallSite.callCurrent(AbstractCallSite.java:185)
at io.restassured.internal.ResponseSpecificationImpl.statusCode(ResponseSpecificationImpl.groovy:135)
at io.restassured.specification.ResponseSpecification$statusCode$0.callCurrent(Unknown Source)
at io.restassured.internal.ResponseSpecificationImpl.statusCode(ResponseSpecificationImpl.groovy:143)
at io.restassured.internal.ValidatableResponseOptionsImpl.statusCode(ValidatableResponseOptionsImpl.java:89)
at com.lucidity.assesment.ApplyCartOfferTest.testApplyFlatAmountOfferForNegativeCartValue(ApplyCartOfferTest.java:838)
at java.base/java.util.ArrayList.forEach(ArrayList.java:1511)
... Removed 37 stack frames]]>
    </failure>
  </testcase> <!-- testApplyFlatAmountOfferForNegativeCartValue -->
  <testcase classname="com.lucidity.assesment.ApplyCartOfferTest" name="testApplyFlatNegativePercentOfferForCartValue" time="0.08">
    <failure type="java.lang.AssertionError" message="1 expectation failed.
Expected status code &amp;lt;400&amp;gt; but was &amp;lt;200&amp;gt;.
">
      <![CDATA[java.lang.AssertionError: 1 expectation failed.
Expected status code <400> but was <200>.

at org.codehaus.groovy.runtime.callsite.ConstructorSite$ConstructorSiteNoUnwrapNoCoerce.callConstructor(ConstructorSite.java:108)
at org.codehaus.groovy.runtime.callsite.AbstractCallSite.callConstructor(AbstractCallSite.java:277)
at io.restassured.internal.ResponseSpecificationImpl$HamcrestAssertionClosure.validate(ResponseSpecificationImpl.groovy:512)
at io.restassured.internal.ResponseSpecificationImpl$HamcrestAssertionClosure$validate$1.call(Unknown Source)
at io.restassured.internal.ResponseSpecificationImpl.validateResponseIfRequired(ResponseSpecificationImpl.groovy:696)
at io.restassured.internal.ResponseSpecificationImpl.this$2$validateResponseIfRequired(ResponseSpecificationImpl.groovy)
at org.codehaus.groovy.runtime.callsite.PlainObjectMetaMethodSite.doInvoke(PlainObjectMetaMethodSite.java:43)
at org.codehaus.groovy.runtime.callsite.PogoMetaMethodSite$PogoCachedMethodSiteNoUnwrapNoCoerce.invoke(PogoMetaMethodSite.java:198)
at org.codehaus.groovy.runtime.callsite.PogoMetaMethodSite.callCurrent(PogoMetaMethodSite.java:62)
at org.codehaus.groovy.runtime.callsite.AbstractCallSite.callCurrent(AbstractCallSite.java:185)
at io.restassured.internal.ResponseSpecificationImpl.statusCode(ResponseSpecificationImpl.groovy:135)
at io.restassured.specification.ResponseSpecification$statusCode$0.callCurrent(Unknown Source)
at io.restassured.internal.ResponseSpecificationImpl.statusCode(ResponseSpecificationImpl.groovy:143)
at io.restassured.internal.ValidatableResponseOptionsImpl.statusCode(ValidatableResponseOptionsImpl.java:89)
at com.lucidity.assesment.ApplyCartOfferTest.testApplyFlatNegativePercentOfferForCartValue(ApplyCartOfferTest.java:705)
at java.base/java.util.ArrayList.forEach(ArrayList.java:1511)
... Removed 37 stack frames]]>
    </failure>
  </testcase> <!-- testApplyFlatNegativePercentOfferForCartValue -->
  <testcase classname="com.lucidity.assesment.ApplyCartOfferTest" name="testApplyOfferForInvalidSegement" time="0.04">
    <failure type="java.lang.AssertionError" message="1 expectation failed.
Expected status code &amp;lt;400&amp;gt; but was &amp;lt;200&amp;gt;.
">
      <![CDATA[java.lang.AssertionError: 1 expectation failed.
Expected status code <400> but was <200>.

at org.codehaus.groovy.runtime.callsite.ConstructorSite$ConstructorSiteNoUnwrapNoCoerce.callConstructor(ConstructorSite.java:108)
at org.codehaus.groovy.runtime.callsite.AbstractCallSite.callConstructor(AbstractCallSite.java:277)
at io.restassured.internal.ResponseSpecificationImpl$HamcrestAssertionClosure.validate(ResponseSpecificationImpl.groovy:512)
at io.restassured.internal.ResponseSpecificationImpl$HamcrestAssertionClosure$validate$1.call(Unknown Source)
at io.restassured.internal.ResponseSpecificationImpl.validateResponseIfRequired(ResponseSpecificationImpl.groovy:696)
at io.restassured.internal.ResponseSpecificationImpl.this$2$validateResponseIfRequired(ResponseSpecificationImpl.groovy)
at org.codehaus.groovy.runtime.callsite.PlainObjectMetaMethodSite.doInvoke(PlainObjectMetaMethodSite.java:43)
at org.codehaus.groovy.runtime.callsite.PogoMetaMethodSite$PogoCachedMethodSiteNoUnwrapNoCoerce.invoke(PogoMetaMethodSite.java:198)
at org.codehaus.groovy.runtime.callsite.PogoMetaMethodSite.callCurrent(PogoMetaMethodSite.java:62)
at org.codehaus.groovy.runtime.callsite.AbstractCallSite.callCurrent(AbstractCallSite.java:185)
at io.restassured.internal.ResponseSpecificationImpl.statusCode(ResponseSpecificationImpl.groovy:135)
at io.restassured.specification.ResponseSpecification$statusCode$0.callCurrent(Unknown Source)
at io.restassured.internal.ResponseSpecificationImpl.statusCode(ResponseSpecificationImpl.groovy:143)
at io.restassured.internal.ValidatableResponseOptionsImpl.statusCode(ValidatableResponseOptionsImpl.java:89)
at com.lucidity.assesment.ApplyCartOfferTest.testApplyOfferForInvalidSegement(ApplyCartOfferTest.java:580)
at java.base/java.util.ArrayList.forEach(ArrayList.java:1511)
... Removed 37 stack frames]]>
    </failure>
  </testcase> <!-- testApplyOfferForInvalidSegement -->
  <testcase classname="com.lucidity.assesment.ApplyCartOfferTest" name="testApplyOfferForMultipleSegementP1" time="0.995">
    <failure type="java.lang.AssertionError" message="Cart value after applying offer is incorrect! expected [150.0] but found [290.0]">
      <![CDATA[java.lang.AssertionError: Cart value after applying offer is incorrect! expected [150.0] but found [290.0]
at com.lucidity.assesment.ApplyCartOfferTest.testApplyOfferForMultipleSegementP1(ApplyCartOfferTest.java:634)
at java.base/java.util.ArrayList.forEach(ArrayList.java:1511)
... Removed 30 stack frames]]>
    </failure>
  </testcase> <!-- testApplyOfferForMultipleSegementP1 -->
  <testcase classname="com.lucidity.assesment.ApplyCartOfferTest" name="testApplyOfferWithDiscountExceedingCartValue" time="0.127">
    <failure type="java.lang.AssertionError" message="Cart value after applying offer is incorrect! expected [0.0] but found [-400.0]">
      <![CDATA[java.lang.AssertionError: Cart value after applying offer is incorrect! expected [0.0] but found [-400.0]
at com.lucidity.assesment.ApplyCartOfferTest.testApplyOfferWithDiscountExceedingCartValue(ApplyCartOfferTest.java:672)
at java.base/java.util.ArrayList.forEach(ArrayList.java:1511)
... Removed 30 stack frames]]>
    </failure>
  </testcase> <!-- testApplyOfferWithDiscountExceedingCartValue -->
  <testcase classname="com.lucidity.assesment.ApplyCartOfferTest" name="testApplyOfferWithInvalidOfferType" time="0.072">
    <failure type="java.lang.AssertionError" message="1 expectation failed.
Expected status code &amp;lt;400&amp;gt; but was &amp;lt;200&amp;gt;.
">
      <![CDATA[java.lang.AssertionError: 1 expectation failed.
Expected status code <400> but was <200>.

at org.codehaus.groovy.runtime.callsite.ConstructorSite$ConstructorSiteNoUnwrapNoCoerce.callConstructor(ConstructorSite.java:108)
at org.codehaus.groovy.runtime.callsite.AbstractCallSite.callConstructor(AbstractCallSite.java:277)
at io.restassured.internal.ResponseSpecificationImpl$HamcrestAssertionClosure.validate(ResponseSpecificationImpl.groovy:512)
at io.restassured.internal.ResponseSpecificationImpl$HamcrestAssertionClosure$validate$1.call(Unknown Source)
at io.restassured.internal.ResponseSpecificationImpl.validateResponseIfRequired(ResponseSpecificationImpl.groovy:696)
at io.restassured.internal.ResponseSpecificationImpl.this$2$validateResponseIfRequired(ResponseSpecificationImpl.groovy)
at org.codehaus.groovy.runtime.callsite.PlainObjectMetaMethodSite.doInvoke(PlainObjectMetaMethodSite.java:43)
at org.codehaus.groovy.runtime.callsite.PogoMetaMethodSite$PogoCachedMethodSiteNoUnwrapNoCoerce.invoke(PogoMetaMethodSite.java:198)
at org.codehaus.groovy.runtime.callsite.PogoMetaMethodSite.callCurrent(PogoMetaMethodSite.java:62)
at org.codehaus.groovy.runtime.callsite.AbstractCallSite.callCurrent(AbstractCallSite.java:185)
at io.restassured.internal.ResponseSpecificationImpl.statusCode(ResponseSpecificationImpl.groovy:135)
at io.restassured.specification.ResponseSpecification$statusCode$0.callCurrent(Unknown Source)
at io.restassured.internal.ResponseSpecificationImpl.statusCode(ResponseSpecificationImpl.groovy:143)
at io.restassured.internal.ValidatableResponseOptionsImpl.statusCode(ValidatableResponseOptionsImpl.java:89)
at com.lucidity.assesment.ApplyCartOfferTest.testApplyOfferWithInvalidOfferType(ApplyCartOfferTest.java:559)
at java.base/java.util.ArrayList.forEach(ArrayList.java:1511)
... Removed 37 stack frames]]>
    </failure>
  </testcase> <!-- testApplyOfferWithInvalidOfferType -->
  <testcase classname="com.lucidity.assesment.ApplyCartOfferTest" name="testApplyOfferWithMultipleUserInSameSegement" time="0.204"/>
  <testcase classname="com.lucidity.assesment.ApplyCartOfferTest" name="testApplyOfferWithZeroCartValue" time="0.132">
    <failure type="java.lang.AssertionError" message="Cart value after applying offer is incorrect! expected [0.0] but found [-10.0]">
      <![CDATA[java.lang.AssertionError: Cart value after applying offer is incorrect! expected [0.0] but found [-10.0]
at com.lucidity.assesment.ApplyCartOfferTest.testApplyOfferWithZeroCartValue(ApplyCartOfferTest.java:527)
at java.base/java.util.ArrayList.forEach(ArrayList.java:1511)
... Removed 30 stack frames]]>
    </failure>
  </testcase> <!-- testApplyOfferWithZeroCartValue -->
  <testcase classname="com.lucidity.assesment.ApplyCartOfferTest" name="testApplyValidFlatAmountOfferForP1" time="0.106"/>
  <testcase classname="com.lucidity.assesment.ApplyCartOfferTest" name="testApplyValidFlatAmountOfferForP1WithMinimumCartValue" time="0.063">
    <failure type="java.lang.AssertionError" message="Cart value after applying offer is incorrect! expected [0.0] but found [-9.0]">
      <![CDATA[java.lang.AssertionError: Cart value after applying offer is incorrect! expected [0.0] but found [-9.0]
at com.lucidity.assesment.ApplyCartOfferTest.testApplyValidFlatAmountOfferForP1WithMinimumCartValue(ApplyCartOfferTest.java:311)
at java.base/java.util.ArrayList.forEach(ArrayList.java:1511)
... Removed 30 stack frames]]>
    </failure>
  </testcase> <!-- testApplyValidFlatAmountOfferForP1WithMinimumCartValue -->
  <testcase classname="com.lucidity.assesment.ApplyCartOfferTest" name="testApplyValidFlatAmountOfferForP2" time="0.071"/>
  <testcase classname="com.lucidity.assesment.ApplyCartOfferTest" name="testApplyValidFlatAmountOfferForP3" time="0.066"/>
  <testcase classname="com.lucidity.assesment.ApplyCartOfferTest" name="testApplyValidFlatAmountOfferForP3WithMaximumCartValue" time="0.061"/>
  <testcase classname="com.lucidity.assesment.ApplyCartOfferTest" name="testApplyValidFlatAmountOfferForP3WithMaximumCartValuePlusOne" time="0.031"/>
  <testcase classname="com.lucidity.assesment.ApplyCartOfferTest" name="testApplyValidFlatPercentOfferForP1" time="0.068"/>
  <testcase classname="com.lucidity.assesment.ApplyCartOfferTest" name="testApplyValidFlatPercentOfferForP1WithMaximumCartValue" time="0.05">
    <failure type="java.lang.AssertionError" message="Cart value after applying offer is incorrect! expected [1.0737418235E9] but found [2.147483647E9]">
      <![CDATA[java.lang.AssertionError: Cart value after applying offer is incorrect! expected [1.0737418235E9] but found [2.147483647E9]
at com.lucidity.assesment.ApplyCartOfferTest.testApplyValidFlatPercentOfferForP1WithMaximumCartValue(ApplyCartOfferTest.java:456)
at java.base/java.util.ArrayList.forEach(ArrayList.java:1511)
... Removed 30 stack frames]]>
    </failure>
  </testcase> <!-- testApplyValidFlatPercentOfferForP1WithMaximumCartValue -->
  <testcase classname="com.lucidity.assesment.ApplyCartOfferTest" name="testApplyValidFlatPercentOfferForP2" time="0.075"/>
  <testcase classname="com.lucidity.assesment.ApplyCartOfferTest" name="testApplyValidFlatPercentOfferForP2WithMinimumCartValue" time="0.055">
    <failure type="java.lang.AssertionError" message="Cart value after applying offer is incorrect! expected [0.9] but found [0.0]">
      <![CDATA[java.lang.AssertionError: Cart value after applying offer is incorrect! expected [0.9] but found [0.0]
at com.lucidity.assesment.ApplyCartOfferTest.testApplyValidFlatPercentOfferForP2WithMinimumCartValue(ApplyCartOfferTest.java:348)
at java.base/java.util.ArrayList.forEach(ArrayList.java:1511)
... Removed 30 stack frames]]>
    </failure>
  </testcase> <!-- testApplyValidFlatPercentOfferForP2WithMinimumCartValue -->
  <testcase classname="com.lucidity.assesment.ApplyCartOfferTest" name="testApplyValidFlatPercentOfferForP3" time="0.045"/>
  <testcase classname="com.lucidity.assesment.ApplyCartOfferTest" name="testApplyValidFlatPercentOfferForP3WithMaximumCartValuePlusOne" time="0.026"/>
</testsuite> <!-- Test -->
