<!DOCTYPE html PUBLIC "-//W3C//DTD XHTML 1.1//EN" "https://www.w3.org/TR/xhtml11/DTD/xhtml11.dtd">
<html xmlns="https://www.w3.org/1999/xhtml">
<head>
<meta http-equiv="content-type" content="text/html; charset=UTF-8"/>
<title>TestNG Report</title>
<style type="text/css">table {margin-bottom:10px;border-collapse:collapse;empty-cells:show}th,td {border:1px solid #009;padding:.25em .5em}th {vertical-align:bottom}td {vertical-align:top}table a {font-weight:bold}.stripe td {background-color: #E6EBF9}.num {text-align:right}.passedodd td {background-color: #3F3}.passedeven td {background-color: #0A0}.skippedodd td {background-color: #DDD}.skippedeven td {background-color: #CCC}.failedodd td,.attn {background-color: #F33}.failedeven td,.stripe .attn {background-color: #D00}.stacktrace {white-space:pre;font-family:monospace}.totop {font-size:85%;text-align:center;border-bottom:2px solid #000}.invisible {display:none}</style>
</head>
<body>
<table>
<tr><th>Test</th><th># Passed</th><th># Skipped</th><th># Retried</th><th># Failed</th><th>Time (ms)</th><th>Included Groups</th><th>Excluded Groups</th></tr>
<tr><th colspan="8">Suite</th></tr>
<tr><td><a href="#t0">Test</a></td><td class="num">10</td><td class="num">0</td><td class="num">0</td><td class="num attn">10</td><td class="num">8,999</td><td></td><td></td></tr>
</table>
<table id='summary'><thead><tr><th>Class</th><th>Method</th><th>Start</th><th>Time (ms)</th></tr></thead><tbody><tr><th colspan="4">Suite</th></tr></tbody><tbody id="t0"><tr><th colspan="4">Test &#8212; failed</th></tr><tr class="failedeven"><td rowspan="10">com.lucidity.assesment.ApplyCartOfferTest</td><td><a href="#m0">testApplyFlatAmountOfferForNegativeCartValue</a></td><td rowspan="1">1743850001977</td><td rowspan="1">1927</td></tr><tr class="failedeven"><td><a href="#m1">testApplyFlatNegativePercentOfferForCartValue</a></td><td rowspan="1">1743850003914</td><td rowspan="1">80</td></tr><tr class="failedeven"><td><a href="#m2">testApplyOfferForInvalidSegement</a></td><td rowspan="1">1743850003999</td><td rowspan="1">40</td></tr><tr class="failedeven"><td><a href="#m3">testApplyOfferForMultipleSegementP1</a></td><td rowspan="1">1743850004042</td><td rowspan="1">995</td></tr><tr class="failedeven"><td><a href="#m4">testApplyOfferWithDiscountExceedingCartValue</a></td><td rowspan="1">1743850005041</td><td rowspan="1">127</td></tr><tr class="failedeven"><td><a href="#m5">testApplyOfferWithInvalidOfferType</a></td><td rowspan="1">1743850005171</td><td rowspan="1">72</td></tr><tr class="failedeven"><td><a href="#m6">testApplyOfferWithZeroCartValue</a></td><td rowspan="1">1743850005456</td><td rowspan="1">132</td></tr><tr class="failedeven"><td><a href="#m7">testApplyValidFlatAmountOfferForP1WithMinimumCartValue</a></td><td rowspan="1">1743850005703</td><td rowspan="1">63</td></tr><tr class="failedeven"><td><a href="#m8">testApplyValidFlatPercentOfferForP1WithMaximumCartValue</a></td><td rowspan="1">1743850006075</td><td rowspan="1">50</td></tr><tr class="failedeven"><td><a href="#m9">testApplyValidFlatPercentOfferForP2WithMinimumCartValue</a></td><td rowspan="1">1743850006207</td><td rowspan="1">55</td></tr><tr><th colspan="4">Test &#8212; passed</th></tr><tr class="passedeven"><td rowspan="10">com.lucidity.assesment.ApplyCartOfferTest</td><td><a href="#m10">testApplyOfferWithMultipleUserInSameSegement</a></td><td rowspan="1">1743850005250</td><td rowspan="1">204</td></tr><tr class="passedeven"><td><a href="#m11">testApplyValidFlatAmountOfferForP1</a></td><td rowspan="1">1743850005596</td><td rowspan="1">106</td></tr><tr class="passedeven"><td><a href="#m12">testApplyValidFlatAmountOfferForP2</a></td><td rowspan="1">1743850005768</td><td rowspan="1">71</td></tr><tr class="passedeven"><td><a href="#m13">testApplyValidFlatAmountOfferForP3</a></td><td rowspan="1">1743850005840</td><td rowspan="1">66</td></tr><tr class="passedeven"><td><a href="#m14">testApplyValidFlatAmountOfferForP3WithMaximumCartValue</a></td><td rowspan="1">1743850005907</td><td rowspan="1">61</td></tr><tr class="passedeven"><td><a href="#m15">testApplyValidFlatAmountOfferForP3WithMaximumCartValuePlusOne</a></td><td rowspan="1">1743850005969</td><td rowspan="1">31</td></tr><tr class="passedeven"><td><a href="#m16">testApplyValidFlatPercentOfferForP1</a></td><td rowspan="1">1743850006005</td><td rowspan="1">68</td></tr><tr class="passedeven"><td><a href="#m17">testApplyValidFlatPercentOfferForP2</a></td><td rowspan="1">1743850006127</td><td rowspan="1">75</td></tr><tr class="passedeven"><td><a href="#m18">testApplyValidFlatPercentOfferForP3</a></td><td rowspan="1">1743850006264</td><td rowspan="1">45</td></tr><tr class="passedeven"><td><a href="#m19">testApplyValidFlatPercentOfferForP3WithMaximumCartValuePlusOne</a></td><td rowspan="1">1743850006310</td><td rowspan="1">26</td></tr></tbody>
</table>
<h2>Test</h2><h3 id="m0">com.lucidity.assesment.ApplyCartOfferTest#testApplyFlatAmountOfferForNegativeCartValue</h3><table class="result"><tr><th>Exception</th></tr><tr><td><div class="stacktrace">java.lang.AssertionError: 1 expectation failed.
Expected status code &lt;400&gt; but was &lt;200&gt;.

	at org.codehaus.groovy.runtime.callsite.ConstructorSite$ConstructorSiteNoUnwrapNoCoerce.callConstructor(ConstructorSite.java:108)
	at org.codehaus.groovy.runtime.callsite.CallSiteArray.defaultCallConstructor(CallSiteArray.java:57)
	at org.codehaus.groovy.runtime.callsite.AbstractCallSite.callConstructor(AbstractCallSite.java:263)
	at org.codehaus.groovy.runtime.callsite.AbstractCallSite.callConstructor(AbstractCallSite.java:277)
	at io.restassured.internal.ResponseSpecificationImpl$HamcrestAssertionClosure.validate(ResponseSpecificationImpl.groovy:512)
	at io.restassured.internal.ResponseSpecificationImpl$HamcrestAssertionClosure$validate$1.call(Unknown Source)
	at io.restassured.internal.ResponseSpecificationImpl.validateResponseIfRequired(ResponseSpecificationImpl.groovy:696)
	at io.restassured.internal.ResponseSpecificationImpl.this$2$validateResponseIfRequired(ResponseSpecificationImpl.groovy)
	at org.codehaus.groovy.runtime.callsite.PlainObjectMetaMethodSite.doInvoke(PlainObjectMetaMethodSite.java:43)
	at org.codehaus.groovy.runtime.callsite.PogoMetaMethodSite$PogoCachedMethodSiteNoUnwrapNoCoerce.invoke(PogoMetaMethodSite.java:198)
	at org.codehaus.groovy.runtime.callsite.PogoMetaMethodSite.callCurrent(PogoMetaMethodSite.java:62)
	at org.codehaus.groovy.runtime.callsite.AbstractCallSite.callCurrent(AbstractCallSite.java:185)
	at io.restassured.internal.ResponseSpecificationImpl.statusCode(ResponseSpecificationImpl.groovy:135)
	at io.restassured.specification.ResponseSpecification$statusCode$0.callCurrent(Unknown Source)
	at io.restassured.internal.ResponseSpecificationImpl.statusCode(ResponseSpecificationImpl.groovy:143)
	at io.restassured.internal.ValidatableResponseOptionsImpl.statusCode(ValidatableResponseOptionsImpl.java:89)
	at com.lucidity.assesment.ApplyCartOfferTest.testApplyFlatAmountOfferForNegativeCartValue(ApplyCartOfferTest.java:838)
	at java.base/java.util.ArrayList.forEach(ArrayList.java:1511)
... Removed 37 stack frames</div></td></tr></table><p class="totop"><a href="#summary">back to summary</a></p>
<h3 id="m1">com.lucidity.assesment.ApplyCartOfferTest#testApplyFlatNegativePercentOfferForCartValue</h3><table class="result"><tr><th>Exception</th></tr><tr><td><div class="stacktrace">java.lang.AssertionError: 1 expectation failed.
Expected status code &lt;400&gt; but was &lt;200&gt;.

	at org.codehaus.groovy.runtime.callsite.ConstructorSite$ConstructorSiteNoUnwrapNoCoerce.callConstructor(ConstructorSite.java:108)
	at org.codehaus.groovy.runtime.callsite.AbstractCallSite.callConstructor(AbstractCallSite.java:277)
	at io.restassured.internal.ResponseSpecificationImpl$HamcrestAssertionClosure.validate(ResponseSpecificationImpl.groovy:512)
	at io.restassured.internal.ResponseSpecificationImpl$HamcrestAssertionClosure$validate$1.call(Unknown Source)
	at io.restassured.internal.ResponseSpecificationImpl.validateResponseIfRequired(ResponseSpecificationImpl.groovy:696)
	at io.restassured.internal.ResponseSpecificationImpl.this$2$validateResponseIfRequired(ResponseSpecificationImpl.groovy)
	at org.codehaus.groovy.runtime.callsite.PlainObjectMetaMethodSite.doInvoke(PlainObjectMetaMethodSite.java:43)
	at org.codehaus.groovy.runtime.callsite.PogoMetaMethodSite$PogoCachedMethodSiteNoUnwrapNoCoerce.invoke(PogoMetaMethodSite.java:198)
	at org.codehaus.groovy.runtime.callsite.PogoMetaMethodSite.callCurrent(PogoMetaMethodSite.java:62)
	at org.codehaus.groovy.runtime.callsite.AbstractCallSite.callCurrent(AbstractCallSite.java:185)
	at io.restassured.internal.ResponseSpecificationImpl.statusCode(ResponseSpecificationImpl.groovy:135)
	at io.restassured.specification.ResponseSpecification$statusCode$0.callCurrent(Unknown Source)
	at io.restassured.internal.ResponseSpecificationImpl.statusCode(ResponseSpecificationImpl.groovy:143)
	at io.restassured.internal.ValidatableResponseOptionsImpl.statusCode(ValidatableResponseOptionsImpl.java:89)
	at com.lucidity.assesment.ApplyCartOfferTest.testApplyFlatNegativePercentOfferForCartValue(ApplyCartOfferTest.java:705)
	at java.base/java.util.ArrayList.forEach(ArrayList.java:1511)
... Removed 37 stack frames</div></td></tr></table><p class="totop"><a href="#summary">back to summary</a></p>
<h3 id="m2">com.lucidity.assesment.ApplyCartOfferTest#testApplyOfferForInvalidSegement</h3><table class="result"><tr><th>Exception</th></tr><tr><td><div class="stacktrace">java.lang.AssertionError: 1 expectation failed.
Expected status code &lt;400&gt; but was &lt;200&gt;.

	at org.codehaus.groovy.runtime.callsite.ConstructorSite$ConstructorSiteNoUnwrapNoCoerce.callConstructor(ConstructorSite.java:108)
	at org.codehaus.groovy.runtime.callsite.AbstractCallSite.callConstructor(AbstractCallSite.java:277)
	at io.restassured.internal.ResponseSpecificationImpl$HamcrestAssertionClosure.validate(ResponseSpecificationImpl.groovy:512)
	at io.restassured.internal.ResponseSpecificationImpl$HamcrestAssertionClosure$validate$1.call(Unknown Source)
	at io.restassured.internal.ResponseSpecificationImpl.validateResponseIfRequired(ResponseSpecificationImpl.groovy:696)
	at io.restassured.internal.ResponseSpecificationImpl.this$2$validateResponseIfRequired(ResponseSpecificationImpl.groovy)
	at org.codehaus.groovy.runtime.callsite.PlainObjectMetaMethodSite.doInvoke(PlainObjectMetaMethodSite.java:43)
	at org.codehaus.groovy.runtime.callsite.PogoMetaMethodSite$PogoCachedMethodSiteNoUnwrapNoCoerce.invoke(PogoMetaMethodSite.java:198)
	at org.codehaus.groovy.runtime.callsite.PogoMetaMethodSite.callCurrent(PogoMetaMethodSite.java:62)
	at org.codehaus.groovy.runtime.callsite.AbstractCallSite.callCurrent(AbstractCallSite.java:185)
	at io.restassured.internal.ResponseSpecificationImpl.statusCode(ResponseSpecificationImpl.groovy:135)
	at io.restassured.specification.ResponseSpecification$statusCode$0.callCurrent(Unknown Source)
	at io.restassured.internal.ResponseSpecificationImpl.statusCode(ResponseSpecificationImpl.groovy:143)
	at io.restassured.internal.ValidatableResponseOptionsImpl.statusCode(ValidatableResponseOptionsImpl.java:89)
	at com.lucidity.assesment.ApplyCartOfferTest.testApplyOfferForInvalidSegement(ApplyCartOfferTest.java:580)
	at java.base/java.util.ArrayList.forEach(ArrayList.java:1511)
... Removed 37 stack frames</div></td></tr></table><p class="totop"><a href="#summary">back to summary</a></p>
<h3 id="m3">com.lucidity.assesment.ApplyCartOfferTest#testApplyOfferForMultipleSegementP1</h3><table class="result"><tr><th>Exception</th></tr><tr><td><div class="stacktrace">java.lang.AssertionError: Cart value after applying offer is incorrect! expected [150.0] but found [290.0]
	at com.lucidity.assesment.ApplyCartOfferTest.testApplyOfferForMultipleSegementP1(ApplyCartOfferTest.java:634)
	at java.base/java.util.ArrayList.forEach(ArrayList.java:1511)
... Removed 30 stack frames</div></td></tr></table><p class="totop"><a href="#summary">back to summary</a></p>
<h3 id="m4">com.lucidity.assesment.ApplyCartOfferTest#testApplyOfferWithDiscountExceedingCartValue</h3><table class="result"><tr><th>Exception</th></tr><tr><td><div class="stacktrace">java.lang.AssertionError: Cart value after applying offer is incorrect! expected [0.0] but found [-400.0]
	at com.lucidity.assesment.ApplyCartOfferTest.testApplyOfferWithDiscountExceedingCartValue(ApplyCartOfferTest.java:672)
	at java.base/java.util.ArrayList.forEach(ArrayList.java:1511)
... Removed 30 stack frames</div></td></tr></table><p class="totop"><a href="#summary">back to summary</a></p>
<h3 id="m5">com.lucidity.assesment.ApplyCartOfferTest#testApplyOfferWithInvalidOfferType</h3><table class="result"><tr><th>Exception</th></tr><tr><td><div class="stacktrace">java.lang.AssertionError: 1 expectation failed.
Expected status code &lt;400&gt; but was &lt;200&gt;.

	at org.codehaus.groovy.runtime.callsite.ConstructorSite$ConstructorSiteNoUnwrapNoCoerce.callConstructor(ConstructorSite.java:108)
	at org.codehaus.groovy.runtime.callsite.AbstractCallSite.callConstructor(AbstractCallSite.java:277)
	at io.restassured.internal.ResponseSpecificationImpl$HamcrestAssertionClosure.validate(ResponseSpecificationImpl.groovy:512)
	at io.restassured.internal.ResponseSpecificationImpl$HamcrestAssertionClosure$validate$1.call(Unknown Source)
	at io.restassured.internal.ResponseSpecificationImpl.validateResponseIfRequired(ResponseSpecificationImpl.groovy:696)
	at io.restassured.internal.ResponseSpecificationImpl.this$2$validateResponseIfRequired(ResponseSpecificationImpl.groovy)
	at org.codehaus.groovy.runtime.callsite.PlainObjectMetaMethodSite.doInvoke(PlainObjectMetaMethodSite.java:43)
	at org.codehaus.groovy.runtime.callsite.PogoMetaMethodSite$PogoCachedMethodSiteNoUnwrapNoCoerce.invoke(PogoMetaMethodSite.java:198)
	at org.codehaus.groovy.runtime.callsite.PogoMetaMethodSite.callCurrent(PogoMetaMethodSite.java:62)
	at org.codehaus.groovy.runtime.callsite.AbstractCallSite.callCurrent(AbstractCallSite.java:185)
	at io.restassured.internal.ResponseSpecificationImpl.statusCode(ResponseSpecificationImpl.groovy:135)
	at io.restassured.specification.ResponseSpecification$statusCode$0.callCurrent(Unknown Source)
	at io.restassured.internal.ResponseSpecificationImpl.statusCode(ResponseSpecificationImpl.groovy:143)
	at io.restassured.internal.ValidatableResponseOptionsImpl.statusCode(ValidatableResponseOptionsImpl.java:89)
	at com.lucidity.assesment.ApplyCartOfferTest.testApplyOfferWithInvalidOfferType(ApplyCartOfferTest.java:559)
	at java.base/java.util.ArrayList.forEach(ArrayList.java:1511)
... Removed 37 stack frames</div></td></tr></table><p class="totop"><a href="#summary">back to summary</a></p>
<h3 id="m6">com.lucidity.assesment.ApplyCartOfferTest#testApplyOfferWithZeroCartValue</h3><table class="result"><tr><th>Exception</th></tr><tr><td><div class="stacktrace">java.lang.AssertionError: Cart value after applying offer is incorrect! expected [0.0] but found [-10.0]
	at com.lucidity.assesment.ApplyCartOfferTest.testApplyOfferWithZeroCartValue(ApplyCartOfferTest.java:527)
	at java.base/java.util.ArrayList.forEach(ArrayList.java:1511)
... Removed 30 stack frames</div></td></tr></table><p class="totop"><a href="#summary">back to summary</a></p>
<h3 id="m7">com.lucidity.assesment.ApplyCartOfferTest#testApplyValidFlatAmountOfferForP1WithMinimumCartValue</h3><table class="result"><tr><th>Exception</th></tr><tr><td><div class="stacktrace">java.lang.AssertionError: Cart value after applying offer is incorrect! expected [0.0] but found [-9.0]
	at com.lucidity.assesment.ApplyCartOfferTest.testApplyValidFlatAmountOfferForP1WithMinimumCartValue(ApplyCartOfferTest.java:311)
	at java.base/java.util.ArrayList.forEach(ArrayList.java:1511)
... Removed 30 stack frames</div></td></tr></table><p class="totop"><a href="#summary">back to summary</a></p>
<h3 id="m8">com.lucidity.assesment.ApplyCartOfferTest#testApplyValidFlatPercentOfferForP1WithMaximumCartValue</h3><table class="result"><tr><th>Exception</th></tr><tr><td><div class="stacktrace">java.lang.AssertionError: Cart value after applying offer is incorrect! expected [1.0737418235E9] but found [2.147483647E9]
	at com.lucidity.assesment.ApplyCartOfferTest.testApplyValidFlatPercentOfferForP1WithMaximumCartValue(ApplyCartOfferTest.java:456)
	at java.base/java.util.ArrayList.forEach(ArrayList.java:1511)
... Removed 30 stack frames</div></td></tr></table><p class="totop"><a href="#summary">back to summary</a></p>
<h3 id="m9">com.lucidity.assesment.ApplyCartOfferTest#testApplyValidFlatPercentOfferForP2WithMinimumCartValue</h3><table class="result"><tr><th>Exception</th></tr><tr><td><div class="stacktrace">java.lang.AssertionError: Cart value after applying offer is incorrect! expected [0.9] but found [0.0]
	at com.lucidity.assesment.ApplyCartOfferTest.testApplyValidFlatPercentOfferForP2WithMinimumCartValue(ApplyCartOfferTest.java:348)
	at java.base/java.util.ArrayList.forEach(ArrayList.java:1511)
... Removed 30 stack frames</div></td></tr></table><p class="totop"><a href="#summary">back to summary</a></p>
<h3 id="m10">com.lucidity.assesment.ApplyCartOfferTest#testApplyOfferWithMultipleUserInSameSegement</h3><table class="result"><tr><th class="invisible"/></tr></table><p class="totop"><a href="#summary">back to summary</a></p>
<h3 id="m11">com.lucidity.assesment.ApplyCartOfferTest#testApplyValidFlatAmountOfferForP1</h3><table class="result"><tr><th class="invisible"/></tr></table><p class="totop"><a href="#summary">back to summary</a></p>
<h3 id="m12">com.lucidity.assesment.ApplyCartOfferTest#testApplyValidFlatAmountOfferForP2</h3><table class="result"><tr><th class="invisible"/></tr></table><p class="totop"><a href="#summary">back to summary</a></p>
<h3 id="m13">com.lucidity.assesment.ApplyCartOfferTest#testApplyValidFlatAmountOfferForP3</h3><table class="result"><tr><th class="invisible"/></tr></table><p class="totop"><a href="#summary">back to summary</a></p>
<h3 id="m14">com.lucidity.assesment.ApplyCartOfferTest#testApplyValidFlatAmountOfferForP3WithMaximumCartValue</h3><table class="result"><tr><th class="invisible"/></tr></table><p class="totop"><a href="#summary">back to summary</a></p>
<h3 id="m15">com.lucidity.assesment.ApplyCartOfferTest#testApplyValidFlatAmountOfferForP3WithMaximumCartValuePlusOne</h3><table class="result"><tr><th class="invisible"/></tr></table><p class="totop"><a href="#summary">back to summary</a></p>
<h3 id="m16">com.lucidity.assesment.ApplyCartOfferTest#testApplyValidFlatPercentOfferForP1</h3><table class="result"><tr><th class="invisible"/></tr></table><p class="totop"><a href="#summary">back to summary</a></p>
<h3 id="m17">com.lucidity.assesment.ApplyCartOfferTest#testApplyValidFlatPercentOfferForP2</h3><table class="result"><tr><th class="invisible"/></tr></table><p class="totop"><a href="#summary">back to summary</a></p>
<h3 id="m18">com.lucidity.assesment.ApplyCartOfferTest#testApplyValidFlatPercentOfferForP3</h3><table class="result"><tr><th class="invisible"/></tr></table><p class="totop"><a href="#summary">back to summary</a></p>
<h3 id="m19">com.lucidity.assesment.ApplyCartOfferTest#testApplyValidFlatPercentOfferForP3WithMaximumCartValuePlusOne</h3><table class="result"><tr><th class="invisible"/></tr></table><p class="totop"><a href="#summary">back to summary</a></p>
</body>
</html>
